#<?php die('Access Not Permitted'); ?>
## ( date: 30 Aug 16 11:34AM (UTC) )
# On the page: /kechventures/administrator/index.php?option=com_installer&view=install
## 
getDataAndRefresh 1  1
## End ##
## ( date: 30 Aug 16 11:34AM (UTC) )
# On the page: /kechventures/administrator/index.php?option=com_installer&view=install
## 
getDataAndRefresh 2  1
## End ##
## ( date: 30 Aug 16 11:34AM (UTC) )
# On the page: /kechventures/administrator/index.php?option=com_installer&view=install
## 
getDataAndRefresh 3  1
## End ##
## ( date: 30 Aug 16 11:34AM (UTC) )
# On the page: /kechventures/administrator/index.php?option=com_installer&view=install
## 
getDataAndRefresh 4  1
## End ##
## ( date: 30 Aug 16 11:34AM (UTC) )
# On the page: /kechventures/administrator/index.php?option=com_installer&view=install
## 
getDataAndRefresh 5  1
## End ##
## ( date: 30 Aug 16 11:34AM (UTC) )
# On the page: /kechventures/administrator/index.php?option=com_installer&view=install
## 
getDataAndRefresh 7  1
## End ##
## ( date: 30 Aug 16 11:34AM (UTC) )
# On the page: /kechventures/administrator/index.php?option=com_installer&view=install
## 
refresh 71  
## End ##
## ( date: 30 Aug 16 11:34AM (UTC) )
# On the page: /kechventures/administrator/index.php?option=com_installer&view=install
## 
refresh 72  
## End ##
## ( date: 30 Aug 16 11:34AM (UTC) )
# On the page: /kechventures/administrator/index.php?option=com_installer&view=install
## 
refresh 73  
## End ##
## ( date: 30 Aug 16 11:34AM (UTC) )
# On the page: /kechventures/administrator/index.php?option=com_installer&view=install
## 
refresh 74  
## End ##
## ( date: 30 Aug 16 11:34AM (UTC) )
# On the page: /kechventures/administrator/index.php?option=com_installer&view=install
## 
_insertData2 711  
## End ##
## ( date: 30 Aug 16 11:34AM (UTC) )
# On the page: /kechventures/administrator/index.php?option=com_installer&view=install
## 
_insertData2 712  
## End ##
## ( date: 30 Aug 16 11:34AM (UTC) )
# On the page: /kechventures/administrator/index.php?option=com_installer&view=install
## 
_insertData2 713  
## End ##
## ( date: 30 Aug 16 11:34AM (UTC) )
# On the page: /kechventures/administrator/index.php?option=com_installer&view=install
## 
_insertData2 712  
## End ##
## ( date: 30 Aug 16 11:34AM (UTC) )
# On the page: /kechventures/administrator/index.php?option=com_installer&view=install
## 
_insertData2 713  
## End ##
## ( date: 30 Aug 16 11:34AM (UTC) )
# On the page: /kechventures/administrator/index.php?option=com_installer&view=install
## 
_insertData2 712  
## End ##
## ( date: 30 Aug 16 11:34AM (UTC) )
# On the page: /kechventures/administrator/index.php?option=com_installer&view=install
## 
_insertData2 713  
## End ##
## ( date: 30 Aug 16 11:34AM (UTC) )
# On the page: /kechventures/administrator/index.php?option=com_installer&view=install
## 
_insertData2 712  
## End ##
## ( date: 30 Aug 16 11:34AM (UTC) )
# On the page: /kechventures/administrator/index.php?option=com_installer&view=install
## 
_insertData2 713  
## End ##
## ( date: 30 Aug 16 11:34AM (UTC) )
# On the page: /kechventures/administrator/index.php?option=com_installer&view=install
## 
_insertData2 712  
## End ##
## ( date: 30 Aug 16 11:34AM (UTC) )
# On the page: /kechventures/administrator/index.php?option=com_installer&view=install
## 
_insertData2 713  
## End ##
## ( date: 30 Aug 16 11:34AM (UTC) )
# On the page: /kechventures/administrator/index.php?option=com_installer&view=install
## 
_insertData2 712  
## End ##
## ( date: 30 Aug 16 11:34AM (UTC) )
# On the page: /kechventures/administrator/index.php?option=com_installer&view=install
## 
_insertData2 713  
## End ##
## ( date: 30 Aug 16 11:34AM (UTC) )
# On the page: /kechventures/administrator/index.php?option=com_installer&view=install
## 
refresh 76  
## End ##
## ( date: 30 Aug 16 11:34AM (UTC) )
# On the page: /kechventures/administrator/index.php?option=com_installer&view=install
## 
refresh 78  
## End ##
## ( date: 30 Aug 16 11:34AM (UTC) )
# On the page: /kechventures/administrator/index.php?option=com_installer&view=install
## 
refresh 79  
## End ##
## ( date: 30 Aug 16 11:34AM (UTC) )
# On the page: /kechventures/administrator/index.php?option=com_installer&view=install
## 
getDataAndRefresh 8  1
## End ##
## ( date: 30 Aug 16 11:34AM (UTC) )
# On the page: /kechventures/administrator/index.php?option=com_installer&view=install
## 
getDataAndRefresh 9  1
## End ##
## ( date: 30 Aug 16 11:37AM (UTC) )
# On the page: /kechventures/administrator/index.php?option=com_japps&controller=apps
## 
getDataAndRefresh 1  1
## End ##
## ( date: 30 Aug 16 11:37AM (UTC) )
# On the page: /kechventures/administrator/index.php?option=com_japps&controller=apps
## 
getDataAndRefresh 2  1
## End ##
## ( date: 30 Aug 16 11:37AM (UTC) )
# On the page: /kechventures/administrator/index.php?option=com_japps&controller=apps
## 
getDataAndRefresh 3  1
## End ##
## ( date: 30 Aug 16 11:37AM (UTC) )
# On the page: /kechventures/administrator/index.php?option=com_japps&controller=apps
## 
getDataAndRefresh 4  1
## End ##
## ( date: 30 Aug 16 11:37AM (UTC) )
# On the page: /kechventures/administrator/index.php?option=com_japps&controller=apps
## 
getDataAndRefresh 5  1
## End ##
## ( date: 30 Aug 16 11:37AM (UTC) )
# On the page: /kechventures/administrator/index.php?option=com_japps&controller=apps
## 
getDataAndRefresh 7  1
## End ##
## ( date: 30 Aug 16 11:37AM (UTC) )
# On the page: /kechventures/administrator/index.php?option=com_japps&controller=apps
## 
refresh 71  
## End ##
## ( date: 30 Aug 16 11:37AM (UTC) )
# On the page: /kechventures/administrator/index.php?option=com_japps&controller=apps
## 
refresh 72  
## End ##
## ( date: 30 Aug 16 11:37AM (UTC) )
# On the page: /kechventures/administrator/index.php?option=com_japps&controller=apps
## 
refresh 73  
## End ##
## ( date: 30 Aug 16 11:37AM (UTC) )
# On the page: /kechventures/administrator/index.php?option=com_japps&controller=apps
## 
refresh 74  
## End ##
## ( date: 30 Aug 16 11:37AM (UTC) )
# On the page: /kechventures/administrator/index.php?option=com_japps&controller=apps
## 
_insertData2 711  
## End ##
## ( date: 30 Aug 16 11:37AM (UTC) )
# On the page: /kechventures/administrator/index.php?option=com_japps&controller=apps
## 
_insertData2 712  
## End ##
## ( date: 30 Aug 16 11:37AM (UTC) )
# On the page: /kechventures/administrator/index.php?option=com_japps&controller=apps
## 
_insertData2 713  
## End ##
## ( date: 30 Aug 16 11:37AM (UTC) )
# On the page: /kechventures/administrator/index.php?option=com_japps&controller=apps
## 
_insertData2 712  
## End ##
## ( date: 30 Aug 16 11:37AM (UTC) )
# On the page: /kechventures/administrator/index.php?option=com_japps&controller=apps
## 
_insertData2 713  
## End ##
## ( date: 30 Aug 16 11:37AM (UTC) )
# On the page: /kechventures/administrator/index.php?option=com_japps&controller=apps
## 
_insertData2 712  
## End ##
## ( date: 30 Aug 16 11:37AM (UTC) )
# On the page: /kechventures/administrator/index.php?option=com_japps&controller=apps
## 
_insertData2 713  
## End ##
## ( date: 30 Aug 16 11:37AM (UTC) )
# On the page: /kechventures/administrator/index.php?option=com_japps&controller=apps
## 
_insertData2 712  
## End ##
## ( date: 30 Aug 16 11:37AM (UTC) )
# On the page: /kechventures/administrator/index.php?option=com_japps&controller=apps
## 
_insertData2 713  
## End ##
## ( date: 30 Aug 16 11:37AM (UTC) )
# On the page: /kechventures/administrator/index.php?option=com_japps&controller=apps
## 
_insertData2 712  
## End ##
## ( date: 30 Aug 16 11:37AM (UTC) )
# On the page: /kechventures/administrator/index.php?option=com_japps&controller=apps
## 
_insertData2 713  
## End ##
## ( date: 30 Aug 16 11:38AM (UTC) )
# On the page: /kechventures/administrator/index.php?option=com_japps&controller=apps
## 
_insertData2 712  
## End ##
## ( date: 30 Aug 16 11:38AM (UTC) )
# On the page: /kechventures/administrator/index.php?option=com_japps&controller=apps
## 
_insertData2 713  
## End ##
## ( date: 30 Aug 16 11:38AM (UTC) )
# On the page: /kechventures/administrator/index.php?option=com_japps&controller=apps
## 
refresh 76  
## End ##
## ( date: 30 Aug 16 11:38AM (UTC) )
# On the page: /kechventures/administrator/index.php?option=com_japps&controller=apps
## 
refresh 78  
## End ##
## ( date: 30 Aug 16 11:38AM (UTC) )
# On the page: /kechventures/administrator/index.php?option=com_japps&controller=apps
## 
refresh 79  
## End ##
## ( date: 30 Aug 16 11:38AM (UTC) )
# On the page: /kechventures/administrator/index.php?option=com_japps&controller=apps
## 
getDataAndRefresh 8  1
## End ##
## ( date: 30 Aug 16 11:38AM (UTC) )
# On the page: /kechventures/administrator/index.php?option=com_japps&controller=apps
## 
getDataAndRefresh 9  1
## End ##
## ( date: 30 Aug 16 11:40AM (UTC) )
# On the page: /kechventures/administrator/index.php?option=com_japps&controller=apps
## 
getDataAndRefresh 1  1
## End ##
## ( date: 30 Aug 16 11:40AM (UTC) )
# On the page: /kechventures/administrator/index.php?option=com_japps&controller=apps
## 
getDataAndRefresh 2  1
## End ##
## ( date: 30 Aug 16 11:40AM (UTC) )
# On the page: /kechventures/administrator/index.php?option=com_japps&controller=apps
## 
getDataAndRefresh 3  1
## End ##
## ( date: 30 Aug 16 11:40AM (UTC) )
# On the page: /kechventures/administrator/index.php?option=com_japps&controller=apps
## 
getDataAndRefresh 4  1
## End ##
## ( date: 30 Aug 16 11:40AM (UTC) )
# On the page: /kechventures/administrator/index.php?option=com_japps&controller=apps
## 
getDataAndRefresh 5  1
## End ##
## ( date: 30 Aug 16 11:40AM (UTC) )
# On the page: /kechventures/administrator/index.php?option=com_japps&controller=apps
## 
getDataAndRefresh 7  1
## End ##
## ( date: 30 Aug 16 11:40AM (UTC) )
# On the page: /kechventures/administrator/index.php?option=com_japps&controller=apps
## 
refresh 71  
## End ##
## ( date: 30 Aug 16 11:40AM (UTC) )
# On the page: /kechventures/administrator/index.php?option=com_japps&controller=apps
## 
refresh 72  
## End ##
## ( date: 30 Aug 16 11:40AM (UTC) )
# On the page: /kechventures/administrator/index.php?option=com_japps&controller=apps
## 
refresh 73  
## End ##
## ( date: 30 Aug 16 11:40AM (UTC) )
# On the page: /kechventures/administrator/index.php?option=com_japps&controller=apps
## 
refresh 74  
## End ##
## ( date: 30 Aug 16 11:40AM (UTC) )
# On the page: /kechventures/administrator/index.php?option=com_japps&controller=apps
## 
_insertData2 711  
## End ##
## ( date: 30 Aug 16 11:40AM (UTC) )
# On the page: /kechventures/administrator/index.php?option=com_japps&controller=apps
## 
_insertData2 712  
## End ##
## ( date: 30 Aug 16 11:40AM (UTC) )
# On the page: /kechventures/administrator/index.php?option=com_japps&controller=apps
## 
_insertData2 713  
## End ##
## ( date: 30 Aug 16 11:40AM (UTC) )
# On the page: /kechventures/administrator/index.php?option=com_japps&controller=apps
## 
_insertData2 712  
## End ##
## ( date: 30 Aug 16 11:40AM (UTC) )
# On the page: /kechventures/administrator/index.php?option=com_japps&controller=apps
## 
_insertData2 713  
## End ##
## ( date: 30 Aug 16 11:40AM (UTC) )
# On the page: /kechventures/administrator/index.php?option=com_japps&controller=apps
## 
_insertData2 712  
## End ##
## ( date: 30 Aug 16 11:40AM (UTC) )
# On the page: /kechventures/administrator/index.php?option=com_japps&controller=apps
## 
_insertData2 713  
## End ##
## ( date: 30 Aug 16 11:40AM (UTC) )
# On the page: /kechventures/administrator/index.php?option=com_japps&controller=apps
## 
_insertData2 712  
## End ##
## ( date: 30 Aug 16 11:40AM (UTC) )
# On the page: /kechventures/administrator/index.php?option=com_japps&controller=apps
## 
_insertData2 713  
## End ##
## ( date: 30 Aug 16 11:40AM (UTC) )
# On the page: /kechventures/administrator/index.php?option=com_japps&controller=apps
## 
_insertData2 712  
## End ##
## ( date: 30 Aug 16 11:40AM (UTC) )
# On the page: /kechventures/administrator/index.php?option=com_japps&controller=apps
## 
_insertData2 713  
## End ##
## ( date: 30 Aug 16 11:40AM (UTC) )
# On the page: /kechventures/administrator/index.php?option=com_japps&controller=apps
## 
_insertData2 712  
## End ##
## ( date: 30 Aug 16 11:40AM (UTC) )
# On the page: /kechventures/administrator/index.php?option=com_japps&controller=apps
## 
_insertData2 713  
## End ##
## ( date: 30 Aug 16 11:40AM (UTC) )
# On the page: /kechventures/administrator/index.php?option=com_japps&controller=apps
## 
refresh 76  
## End ##
## ( date: 30 Aug 16 11:40AM (UTC) )
# On the page: /kechventures/administrator/index.php?option=com_japps&controller=apps
## 
refresh 78  
## End ##
## ( date: 30 Aug 16 11:40AM (UTC) )
# On the page: /kechventures/administrator/index.php?option=com_japps&controller=apps
## 
refresh 79  
## End ##
## ( date: 30 Aug 16 11:40AM (UTC) )
# On the page: /kechventures/administrator/index.php?option=com_japps&controller=apps
## 
getDataAndRefresh 8  1
## End ##
## ( date: 30 Aug 16 11:40AM (UTC) )
# On the page: /kechventures/administrator/index.php?option=com_japps&controller=apps
## 
getDataAndRefresh 9  1
## End ##
## ( date: 30 Aug 16 11:41AM (UTC) )
# On the page: /kechventures/administrator/index.php?option=com_japps&controller=apps
## 
getDataAndRefresh 1  1
## End ##
## ( date: 30 Aug 16 11:41AM (UTC) )
# On the page: /kechventures/administrator/index.php?option=com_japps&controller=apps
## 
getDataAndRefresh 2  1
## End ##
## ( date: 30 Aug 16 11:41AM (UTC) )
# On the page: /kechventures/administrator/index.php?option=com_japps&controller=apps
## 
getDataAndRefresh 3  1
## End ##
## ( date: 30 Aug 16 11:41AM (UTC) )
# On the page: /kechventures/administrator/index.php?option=com_japps&controller=apps
## 
getDataAndRefresh 4  1
## End ##
## ( date: 30 Aug 16 11:41AM (UTC) )
# On the page: /kechventures/administrator/index.php?option=com_japps&controller=apps
## 
getDataAndRefresh 5  1
## End ##
## ( date: 30 Aug 16 11:41AM (UTC) )
# On the page: /kechventures/administrator/index.php?option=com_japps&controller=apps
## 
getDataAndRefresh 7  1
## End ##
## ( date: 30 Aug 16 11:41AM (UTC) )
# On the page: /kechventures/administrator/index.php?option=com_japps&controller=apps
## 
refresh 71  
## End ##
## ( date: 30 Aug 16 11:41AM (UTC) )
# On the page: /kechventures/administrator/index.php?option=com_japps&controller=apps
## 
refresh 72  
## End ##
## ( date: 30 Aug 16 11:41AM (UTC) )
# On the page: /kechventures/administrator/index.php?option=com_japps&controller=apps
## 
refresh 73  
## End ##
## ( date: 30 Aug 16 11:41AM (UTC) )
# On the page: /kechventures/administrator/index.php?option=com_japps&controller=apps
## 
refresh 74  
## End ##
## ( date: 30 Aug 16 11:41AM (UTC) )
# On the page: /kechventures/administrator/index.php?option=com_japps&controller=apps
## 
_insertData2 711  
## End ##
## ( date: 30 Aug 16 11:41AM (UTC) )
# On the page: /kechventures/administrator/index.php?option=com_japps&controller=apps
## 
_insertData2 712  
## End ##
## ( date: 30 Aug 16 11:41AM (UTC) )
# On the page: /kechventures/administrator/index.php?option=com_japps&controller=apps
## 
_insertData2 713  
## End ##
## ( date: 30 Aug 16 11:41AM (UTC) )
# On the page: /kechventures/administrator/index.php?option=com_japps&controller=apps
## 
_insertData2 712  
## End ##
## ( date: 30 Aug 16 11:41AM (UTC) )
# On the page: /kechventures/administrator/index.php?option=com_japps&controller=apps
## 
_insertData2 713  
## End ##
## ( date: 30 Aug 16 11:41AM (UTC) )
# On the page: /kechventures/administrator/index.php?option=com_japps&controller=apps
## 
_insertData2 712  
## End ##
## ( date: 30 Aug 16 11:41AM (UTC) )
# On the page: /kechventures/administrator/index.php?option=com_japps&controller=apps
## 
_insertData2 713  
## End ##
## ( date: 30 Aug 16 11:41AM (UTC) )
# On the page: /kechventures/administrator/index.php?option=com_japps&controller=apps
## 
_insertData2 712  
## End ##
## ( date: 30 Aug 16 11:41AM (UTC) )
# On the page: /kechventures/administrator/index.php?option=com_japps&controller=apps
## 
_insertData2 713  
## End ##
## ( date: 30 Aug 16 11:41AM (UTC) )
# On the page: /kechventures/administrator/index.php?option=com_japps&controller=apps
## 
_insertData2 712  
## End ##
## ( date: 30 Aug 16 11:41AM (UTC) )
# On the page: /kechventures/administrator/index.php?option=com_japps&controller=apps
## 
_insertData2 713  
## End ##
## ( date: 30 Aug 16 11:41AM (UTC) )
# On the page: /kechventures/administrator/index.php?option=com_japps&controller=apps
## 
_insertData2 712  
## End ##
## ( date: 30 Aug 16 11:41AM (UTC) )
# On the page: /kechventures/administrator/index.php?option=com_japps&controller=apps
## 
_insertData2 713  
## End ##
## ( date: 30 Aug 16 11:41AM (UTC) )
# On the page: /kechventures/administrator/index.php?option=com_japps&controller=apps
## 
refresh 76  
## End ##
## ( date: 30 Aug 16 11:41AM (UTC) )
# On the page: /kechventures/administrator/index.php?option=com_japps&controller=apps
## 
refresh 78  
## End ##
## ( date: 30 Aug 16 11:41AM (UTC) )
# On the page: /kechventures/administrator/index.php?option=com_japps&controller=apps
## 
refresh 79  
## End ##
## ( date: 30 Aug 16 11:41AM (UTC) )
# On the page: /kechventures/administrator/index.php?option=com_japps&controller=apps
## 
getDataAndRefresh 8  1
## End ##
## ( date: 30 Aug 16 11:41AM (UTC) )
# On the page: /kechventures/administrator/index.php?option=com_japps&controller=apps
## 
getDataAndRefresh 9  1
## End ##
